<?xml version="1.0" encoding="UTF-8"?>
<!-- Generated by org.testng.reporters.JUnitReportReporter -->
<testsuite hostname="ramyaky-mac" name="com.page.Testlogin" tests="1" failures="0" timestamp="2 Feb 2018 23:43:16 GMT" time="0.629" errors="0">
  <testcase name="login" time="0.629" classname="com.page.Testlogin"/>
</testsuite> <!-- com.page.Testlogin -->
